<?xml version="1.0" encoding="UTF-8"?>
<!-- Generated by org.testng.reporters.JUnitReportReporter -->
<testsuite hostname="G1C2ML15625" name="executionclasses.HealthForumPage_Test" tests="2" failures="0" timestamp="19 Sep 2018 05:56:57 GMT" time="6.512" errors="0">
  <testcase name="checkHealthForumPage" time="0.148" classname="executionclasses.HealthForumPage_Test"/>
  <testcase name="clickOnHealthForumLink" time="6.364" classname="executionclasses.HealthForumPage_Test"/>
</testsuite> <!-- executionclasses.HealthForumPage_Test -->
