<?xml version="1.0" encoding="UTF-8"?>
<!-- Generated by org.testng.reporters.JUnitReportReporter -->
<testsuite hostname="G1C2ML15625" name="executionclasses.RegisterAsAPatientPage_Test" tests="2" failures="0" timestamp="19 Sep 2018 03:28:21 GMT" time="20.226" errors="0">
  <testcase name="Register_New_User" time="9.876" classname="executionclasses.RegisterAsAPatientPage_Test"/>
  <testcase name="visit_Register_Page" time="10.350" classname="executionclasses.RegisterAsAPatientPage_Test"/>
</testsuite> <!-- executionclasses.RegisterAsAPatientPage_Test -->
