<?xml version="1.0" encoding="UTF-8"?>
<!-- Generated by org.testng.reporters.JUnitReportReporter -->
<testsuite hostname="G1C2ML15625" name="executionclasses.VisitHomePage_Test" tests="1" failures="0" timestamp="19 Sep 2018 05:56:57 GMT" time="10.121" errors="0">
  <testcase name="checkHomePage" time="10.121" classname="executionclasses.VisitHomePage_Test"/>
</testsuite> <!-- executionclasses.VisitHomePage_Test -->
