<?xml version="1.0" encoding="UTF-8"?>
<!-- Generated by org.testng.reporters.JUnitReportReporter -->
<testsuite hostname="G1C2ML15625" name="executionclasses.VisitAboutUsPage_Test" tests="2" failures="0" timestamp="19 Sep 2018 03:28:21 GMT" time="10.524" errors="0">
  <testcase name="visit_About_Us_Page" time="5.330" classname="executionclasses.VisitAboutUsPage_Test"/>
  <testcase name="checkAboutUsPage" time="5.194" classname="executionclasses.VisitAboutUsPage_Test"/>
</testsuite> <!-- executionclasses.VisitAboutUsPage_Test -->
