<?xml version="1.0" encoding="UTF-8"?>
<!-- Generated by org.testng.reporters.JUnitReportReporter -->
<testsuite hostname="G1C2ML15625" name="executionclasses.LoginPatientPage_Test" tests="3" failures="0" timestamp="19 Sep 2018 03:28:21 GMT" time="14.426" errors="0">
  <testcase name="visit_Patient_LogIN_Page" time="6.451" classname="executionclasses.LoginPatientPage_Test"/>
  <testcase name="LogIN" time="4.105" classname="executionclasses.LoginPatientPage_Test"/>
  <testcase name="LogOut" time="3.870" classname="executionclasses.LoginPatientPage_Test"/>
</testsuite> <!-- executionclasses.LoginPatientPage_Test -->
