<?xml version="1.0" encoding="UTF-8"?>
<!-- Generated by org.testng.reporters.JUnitReportReporter -->
<testsuite hostname="G1C2ML15625" name="executionclasses.VisitHomePage_Test" tests="1" failures="0" timestamp="20 Sep 2018 07:14:18 GMT" time="10.127" errors="0">
  <testcase name="checkHomePage" time="10.127" classname="executionclasses.VisitHomePage_Test"/>
</testsuite> <!-- executionclasses.VisitHomePage_Test -->
