<?xml version="1.0" encoding="UTF-8"?>
<!-- Generated by org.testng.reporters.JUnitReportReporter -->
<testsuite hostname="G1C2ML15625" name="executionclasses.LoginPatientPage_Test" tests="3" failures="0" timestamp="20 Sep 2018 07:14:18 GMT" time="13.993" errors="0">
  <testcase name="LogOut" time="3.915" classname="executionclasses.LoginPatientPage_Test"/>
  <testcase name="visit_Patient_LogIN_Page" time="6.321" classname="executionclasses.LoginPatientPage_Test"/>
  <testcase name="LogIN" time="3.757" classname="executionclasses.LoginPatientPage_Test"/>
</testsuite> <!-- executionclasses.LoginPatientPage_Test -->
