<?xml version="1.0" encoding="UTF-8"?>
<!-- Generated by org.testng.reporters.JUnitReportReporter -->
<testsuite hostname="G1C2ML15625" name="executionclasses.HealthForumPage_Test" tests="2" failures="0" timestamp="20 Sep 2018 07:14:18 GMT" time="6.549" errors="0">
  <testcase name="clickOnHealthForumLink" time="6.413" classname="executionclasses.HealthForumPage_Test"/>
  <testcase name="checkHealthForumPage" time="0.136" classname="executionclasses.HealthForumPage_Test"/>
</testsuite> <!-- executionclasses.HealthForumPage_Test -->
