<?xml version="1.0" encoding="UTF-8"?>
<!-- Generated by org.testng.reporters.JUnitReportReporter -->
<testsuite hostname="G1C2ML15625" name="executionclasses.JustTest" tests="1" failures="0" timestamp="9 Sep 2018 13:41:17 GMT" time="0.000" errors="0">
  <testcase name="mmain" time="0.000" classname="executionclasses.JustTest"/>
</testsuite> <!-- executionclasses.JustTest -->
