<?xml version="1.0" encoding="UTF-8"?>
<!-- Generated by org.testng.reporters.JUnitReportReporter -->
<testsuite hostname="G1C2ML15625" name="executionclasses.VisitContactUsPage_Test" tests="2" failures="0" timestamp="20 Sep 2018 07:14:18 GMT" time="5.380" errors="0">
  <testcase name="visit_Contact_Us_Page" time="5.266" classname="executionclasses.VisitContactUsPage_Test"/>
  <testcase name="checkContactUsPage" time="0.114" classname="executionclasses.VisitContactUsPage_Test"/>
</testsuite> <!-- executionclasses.VisitContactUsPage_Test -->
