<?xml version="1.0" encoding="UTF-8"?>
<!-- Generated by org.testng.reporters.JUnitReportReporter -->
<testsuite hostname="G1C2ML15625" name="executionclasses.RegisterAsAPatientPage_Test" tests="2" failures="0" timestamp="20 Sep 2018 07:14:18 GMT" time="19.966" errors="0">
  <testcase name="Register_New_User" time="9.671" classname="executionclasses.RegisterAsAPatientPage_Test"/>
  <testcase name="visit_Register_Page" time="10.295" classname="executionclasses.RegisterAsAPatientPage_Test"/>
</testsuite> <!-- executionclasses.RegisterAsAPatientPage_Test -->
